<?xml version="1.0" encoding="UTF-8"?>
<TestRun id="3ac7756f-e758-4b7c-94e0-2a6a64f2d2ad" name="user@USER-TOSH 2013-05-11 15:33:57" runUser="user-TOSH\user" xmlns="http://microsoft.com/schemas/VisualStudio/TeamTest/2010">
  <TestSettings name="Default Test Settings" id="0213a67e-43de-4a38-9b02-e0ee87bebf0c">
    <Deployment runDeploymentRoot="user_USER-TOSH 2013-05-11 15_33_57">
      <DeploymentItem filename="C:\Users\user\Desktop\WCFExample_src\WCFExample\Clinic\bin\Debug\Clinic.dll" />
      <DeploymentItem filename="C:\Users\user\Desktop\WCFExample_src\WCFExample\ClinicUnitTest\bin\Debug\EntityFramework.dll" />
      <DeploymentItem filename="C:\Users\user\Desktop\WCFExample_src\WCFExample\Clinic.Model\bin\Debug\Clinic.Model.dll" />
    </Deployment>
    <Execution>
      <TestTypeSpecific />
      <AgentRule name="Execution Agents">
      </AgentRule>
    </Execution>
  </TestSettings>
  <Times creation="2013-05-11T15:33:57.1642157+03:00" queuing="2013-05-11T15:33:57.4442317+03:00" start="2013-05-11T15:33:57.4572325+03:00" finish="2013-05-11T15:33:59.3683418+03:00" />
  <ResultSummary outcome="Completed">
    <Counters total="1" executed="1" passed="1" error="0" failed="0" timeout="0" aborted="0" inconclusive="0" passedButRunAborted="0" notRunnable="0" notExecuted="0" disconnected="0" warning="0" completed="0" inProgress="0" pending="0" />
  </ResultSummary>
  <TestDefinitions>
    <UnitTest name="CRUDTest" storage="c:\users\user\desktop\wcfexample_src\wcfexample\clinicunittest\bin\debug\clinicunittest.dll" id="b4b539da-8ac6-90df-ff72-9b4ba32f1574">
      <Execution id="7afcb1c9-f78e-434c-a98f-7d32ccd4b460" />
      <TestMethod codeBase="C:/Users/user/Desktop/WCFExample_src/WCFExample/ClinicUnitTest/bin/Debug/ClinicUnitTest.DLL" adapterTypeName="Microsoft.VisualStudio.TestTools.TestTypes.Unit.UnitTestAdapter, Microsoft.VisualStudio.QualityTools.Tips.UnitTest.Adapter, Version=10.0.0.0, Culture=neutral, PublicKeyToken=b03f5f7f11d50a3a" className="ClinicUnitTest.ConsultationRepoTest, ClinicUnitTest, Version=1.0.0.0, Culture=neutral, PublicKeyToken=null" name="CRUDTest" />
    </UnitTest>
  </TestDefinitions>
  <TestLists>
    <TestList name="Results Not in a List" id="8c84fa94-04c1-424b-9868-57a2d4851a1d" />
    <TestList name="All Loaded Results" id="19431567-8539-422a-85d7-44ee4e166bda" />
  </TestLists>
  <TestEntries>
    <TestEntry testId="b4b539da-8ac6-90df-ff72-9b4ba32f1574" executionId="7afcb1c9-f78e-434c-a98f-7d32ccd4b460" testListId="8c84fa94-04c1-424b-9868-57a2d4851a1d" />
  </TestEntries>
  <Results>
    <UnitTestResult executionId="7afcb1c9-f78e-434c-a98f-7d32ccd4b460" testId="b4b539da-8ac6-90df-ff72-9b4ba32f1574" testName="CRUDTest" computerName="USER-TOSH" duration="00:00:01.6332470" startTime="2013-05-11T15:33:57.4662330+03:00" endTime="2013-05-11T15:33:59.3353399+03:00" testType="13cdc9d9-ddb5-4fa4-a97d-d965ccfc6d4b" outcome="Passed" testListId="8c84fa94-04c1-424b-9868-57a2d4851a1d" relativeResultsDirectory="7afcb1c9-f78e-434c-a98f-7d32ccd4b460">
    </UnitTestResult>
  </Results>
</TestRun>